<?xml version="1.0" encoding="UTF-8"?>
<!-- Generated by org.testng.reporters.JUnitXMLReporter -->
<testsuite ignored="1" hostname="Shlomi-Desktop" failures="0" tests="1" name="Business at the area" time="7.608" errors="0" timestamp="2020-06-23T22:37:40 IDT">
  <testcase classname="tests.MainRunner" name="upFooterOpenWebSite" time="1.81"/>
  <testcase classname="tests.MainRunner" name="titleTest" time="0.0">
    <ignored/>
  </testcase> <!-- titleTest -->
</testsuite> <!-- Business at the area -->
