<?xml version="1.0" encoding="UTF-8"?>
<!-- Generated by org.testng.reporters.JUnitXMLReporter -->
<testsuite ignored="0" hostname="Shlomi-Desktop" failures="0" tests="9" name="Home Page" time="20.103" errors="0" timestamp="2020-06-25T12:47:21 IDT">
  <testcase classname="tests.MainRunner" name="upFooterOpenWebSite" time="2.952"/>
  <testcase classname="tests.MainRunner" name="titleTest" time="0.007"/>
  <testcase classname="tests.MainRunner" name="testEmptyFieldsAtSubmitFotter" time="0.115"/>
  <testcase classname="tests.MainRunner" name="sendFieldsfilled" time="3.144"/>
  <testcase classname="tests.MainRunner" name="testwhatAppLink" time="2.248"/>
  <testcase classname="tests.MainRunner" name="testEmptyFieldsAtSubmitBottom" time="0.741"/>
  <testcase classname="tests.MainRunner" name="testNumberOfItemsAtCarousel" time="0.028"/>
  <testcase classname="tests.MainRunner" name="testFaceBookLink" time="2.405"/>
  <testcase classname="tests.MainRunner" name="testBottomForm" time="1.703"/>
</testsuite> <!-- Home Page -->
